0 info it worked if it ends with ok
1 verbose cli [ 'C:\\Program Files\\nodejs\\\\node.exe',
1 verbose cli   'C:\\Program Files\\nodejs\\node_modules\\npm\\bin\\npm-cli.js',
1 verbose cli   'install',
1 verbose cli   'bodyParser' ]
2 info using npm@1.4.28
3 info using node@v0.10.36
4 verbose node symlink C:\Program Files\nodejs\\node.exe
5 verbose config Skipping project config: C:\Users\Pita/.npmrc. (matches userconfig)
6 warn package.json fs@0.0.2 fs is also the name of a node core module.
7 warn package.json fs@0.0.2 No description
8 warn package.json fs@0.0.2 No repository field.
9 warn package.json fs@0.0.2 No README data
10 warn package.json crypto@0.0.3 crypto is also the name of a node core module.
11 warn package.json path@0.12.7 path is also the name of a node core module.
12 verbose cache add [ 'bodyParser', null ]
13 verbose cache add name=undefined spec="bodyParser" args=["bodyParser",null]
14 verbose parsed url { protocol: null,
14 verbose parsed url   slashes: null,
14 verbose parsed url   auth: null,
14 verbose parsed url   host: null,
14 verbose parsed url   port: null,
14 verbose parsed url   hostname: null,
14 verbose parsed url   hash: null,
14 verbose parsed url   search: null,
14 verbose parsed url   query: null,
14 verbose parsed url   pathname: 'bodyParser',
14 verbose parsed url   path: 'bodyParser',
14 verbose parsed url   href: 'bodyParser' }
15 silly lockFile caa4c3c7-bodyParser bodyParser
16 verbose lock bodyParser C:\Users\Pita\AppData\Roaming\npm-cache\caa4c3c7-bodyParser.lock
17 silly lockFile caa4c3c7-bodyParser bodyParser
18 silly lockFile caa4c3c7-bodyParser bodyParser
19 verbose addNamed [ 'bodyParser', '' ]
20 verbose addNamed [ null, '*' ]
21 silly lockFile e0b6bd45-bodyParser bodyParser@
22 verbose lock bodyParser@ C:\Users\Pita\AppData\Roaming\npm-cache\e0b6bd45-bodyParser.lock
23 silly addNameRange { name: 'bodyParser', range: '*', hasData: false }
24 verbose request where is /bodyParser
25 verbose request registry https://registry.npmjs.org/
26 verbose request id f867446c4655d030
27 verbose url raw /bodyParser
28 verbose url resolving [ 'https://registry.npmjs.org/', './bodyParser' ]
29 verbose url resolved https://registry.npmjs.org/bodyParser
30 verbose request where is https://registry.npmjs.org/bodyParser
31 info trying registry request attempt 1 at 17:08:45
32 http GET https://registry.npmjs.org/bodyParser
33 http 404 https://registry.npmjs.org/bodyParser
34 silly registry.get cb [ 404,
34 silly registry.get   { 'content-type': 'application/json',
34 silly registry.get     'cache-control': 'max-age=0',
34 silly registry.get     'content-length': '2',
34 silly registry.get     'accept-ranges': 'bytes',
34 silly registry.get     date: 'Mon, 08 Feb 2016 22:08:54 GMT',
34 silly registry.get     via: '1.1 varnish',
34 silly registry.get     age: '0',
34 silly registry.get     connection: 'keep-alive',
34 silly registry.get     'x-served-by': 'cache-atl6247-ATL',
34 silly registry.get     'x-cache': 'MISS',
34 silly registry.get     'x-cache-hits': '0',
34 silly registry.get     'x-timer': 'S1454969334.109280,VS0,VE109' } ]
35 silly lockFile e0b6bd45-bodyParser bodyParser@
36 silly lockFile e0b6bd45-bodyParser bodyParser@
37 error 404 Not Found
37 error 404
37 error 404 'bodyParser' is not in the npm registry.
37 error 404 You should bug the author to publish it
37 error 404
37 error 404 Note that you can also install from a
37 error 404 tarball, folder, or http url, or git url.
38 error System Windows_NT 6.1.7601
39 error command "C:\\Program Files\\nodejs\\\\node.exe" "C:\\Program Files\\nodejs\\node_modules\\npm\\bin\\npm-cli.js" "install" "bodyParser"
40 error cwd C:\Users\Pita\Desktop\encrypt\js
41 error node -v v0.10.36
42 error npm -v 1.4.28
43 error code E404
44 verbose exit [ 1, true ]
